[2020-03-31 14:32:11][Script Error]: [string "./script/c29724053.lua"]:40: attempt to call a nil value (method 'setCode')
[2020-03-31 14:36:54][Script Error]: [string "./script/c29724053.lua"]:40: attempt to call a nil value (method 'setCode')
[2020-04-12 22:49:13][Script Error]: [string "./script/c1475311.lua"]:2: attempt to index a nil value (global 'c120110011')
[2020-04-12 22:49:13][Script Error]: "CallCardFunction"(c1475311.initial_effect): attempt to call an error function
[2020-04-12 22:49:13][Script Error]: "CallCardFunction"(c1475311.initial_effect): attempt to call an error function
[2020-04-12 22:49:13][Script Error]: "CallCardFunction"(c1475311.initial_effect): attempt to call an error function
[2020-04-12 22:49:13][Script Error]: "CallCardFunction"(c1475311.initial_effect): attempt to call an error function
[2020-05-29 20:42:44][Script Error]: [string "./script/c100266043.lua"]:69: 'end' expected (to close 'if' at line 55) near <eof>
[2020-05-29 20:42:44][Script Error]: "CallCardFunction"(c100266043.initial_effect): attempt to call an error function
[2020-05-29 20:42:44][Script Error]: "CallCardFunction"(c100266043.initial_effect): attempt to call an error function
[2020-05-29 20:42:44][Script Error]: "CallCardFunction"(c100266043.initial_effect): attempt to call an error function
[2020-05-29 20:42:44][Script Error]: "CallCardFunction"(c100266035.initial_effect): attempt to call an error function
[2020-05-29 20:42:44][Script Error]: "CallCardFunction"(c100266035.initial_effect): attempt to call an error function
[2020-05-29 20:42:44][Script Error]: "CallCardFunction"(c100266035.initial_effect): attempt to call an error function
[2020-05-29 20:42:45][Script Error]: "CallCardFunction"(c100266043.initial_effect): attempt to call an error function
[2020-05-29 20:42:45][Script Error]: "CallCardFunction"(c100266043.initial_effect): attempt to call an error function
[2020-05-29 20:42:45][Script Error]: "CallCardFunction"(c100266043.initial_effect): attempt to call an error function
[2020-05-29 20:42:45][Script Error]: "CallCardFunction"(c100266035.initial_effect): attempt to call an error function
[2020-05-29 20:42:45][Script Error]: "CallCardFunction"(c100266035.initial_effect): attempt to call an error function
[2020-05-29 20:42:45][Script Error]: "CallCardFunction"(c100266035.initial_effect): attempt to call an error function
[2020-05-29 20:45:33][Script Error]: [string "./script/c100266043.lua"]:69: 'end' expected (to close 'if' at line 55) near <eof>
[2020-05-29 20:45:33][Script Error]: "CallCardFunction"(c100266043.initial_effect): attempt to call an error function
[2020-05-29 20:45:33][Script Error]: "CallCardFunction"(c100266043.initial_effect): attempt to call an error function
[2020-05-29 20:45:33][Script Error]: "CallCardFunction"(c100266043.initial_effect): attempt to call an error function
[2020-05-29 20:45:33][Script Error]: "CallCardFunction"(c100266035.initial_effect): attempt to call an error function
[2020-05-29 20:45:34][Script Error]: "CallCardFunction"(c100266035.initial_effect): attempt to call an error function
[2020-05-29 20:45:34][Script Error]: "CallCardFunction"(c100266035.initial_effect): attempt to call an error function
[2020-05-29 20:45:34][Script Error]: "CallCardFunction"(c100266043.initial_effect): attempt to call an error function
[2020-05-29 20:45:34][Script Error]: "CallCardFunction"(c100266043.initial_effect): attempt to call an error function
[2020-05-29 20:45:34][Script Error]: "CallCardFunction"(c100266043.initial_effect): attempt to call an error function
[2020-05-29 20:45:34][Script Error]: "CallCardFunction"(c100266035.initial_effect): attempt to call an error function
[2020-05-29 20:45:34][Script Error]: "CallCardFunction"(c100266035.initial_effect): attempt to call an error function
[2020-05-29 20:45:34][Script Error]: "CallCardFunction"(c100266035.initial_effect): attempt to call an error function
[2020-05-29 21:08:03][Script Error]: [string "./script/c100266043.lua"]:67: 'end' expected (to close 'if' at line 53) near <eof>
[2020-05-29 21:08:03][Script Error]: "CallCardFunction"(c100266043.initial_effect): attempt to call an error function
[2020-05-29 21:08:03][Script Error]: "CallCardFunction"(c100266043.initial_effect): attempt to call an error function
[2020-05-29 21:08:03][Script Error]: "CallCardFunction"(c100266043.initial_effect): attempt to call an error function
[2020-05-29 21:08:03][Script Error]: "CallCardFunction"(c100266035.initial_effect): attempt to call an error function
[2020-05-29 21:08:03][Script Error]: "CallCardFunction"(c100266035.initial_effect): attempt to call an error function
[2020-05-29 21:08:03][Script Error]: "CallCardFunction"(c100266035.initial_effect): attempt to call an error function
[2020-05-29 21:08:03][Script Error]: "CallCardFunction"(c100266043.initial_effect): attempt to call an error function
[2020-05-29 21:08:03][Script Error]: "CallCardFunction"(c100266043.initial_effect): attempt to call an error function
[2020-05-29 21:08:03][Script Error]: "CallCardFunction"(c100266043.initial_effect): attempt to call an error function
[2020-05-29 21:08:03][Script Error]: "CallCardFunction"(c100266035.initial_effect): attempt to call an error function
[2020-05-29 21:08:03][Script Error]: "CallCardFunction"(c100266035.initial_effect): attempt to call an error function
[2020-05-29 21:08:03][Script Error]: "CallCardFunction"(c100266035.initial_effect): attempt to call an error function
[2020-05-29 21:09:37][Script Error]: [string "./script/c100266043.lua"]:69: 'end' expected (to close 'if' at line 51) near <eof>
[2020-05-29 21:09:37][Script Error]: "CallCardFunction"(c100266043.initial_effect): attempt to call an error function
[2020-05-29 21:09:37][Script Error]: "CallCardFunction"(c100266043.initial_effect): attempt to call an error function
[2020-05-29 21:09:37][Script Error]: "CallCardFunction"(c100266043.initial_effect): attempt to call an error function
[2020-05-29 21:09:37][Script Error]: "CallCardFunction"(c100266035.initial_effect): attempt to call an error function
[2020-05-29 21:09:37][Script Error]: "CallCardFunction"(c100266035.initial_effect): attempt to call an error function
[2020-05-29 21:09:37][Script Error]: "CallCardFunction"(c100266035.initial_effect): attempt to call an error function
[2020-05-29 21:09:37][Script Error]: "CallCardFunction"(c100266043.initial_effect): attempt to call an error function
[2020-05-29 21:09:37][Script Error]: "CallCardFunction"(c100266043.initial_effect): attempt to call an error function
[2020-05-29 21:09:37][Script Error]: "CallCardFunction"(c100266043.initial_effect): attempt to call an error function
[2020-05-29 21:09:37][Script Error]: "CallCardFunction"(c100266035.initial_effect): attempt to call an error function
[2020-05-29 21:09:37][Script Error]: "CallCardFunction"(c100266035.initial_effect): attempt to call an error function
[2020-05-29 21:09:37][Script Error]: "CallCardFunction"(c100266035.initial_effect): attempt to call an error function
[2020-05-29 21:11:44][Script Error]: [string "./script/c100266043.lua"]:18: Parameter 2 should be "Function".
[2020-05-29 21:11:44][Script Error]: [string "./script/c100266043.lua"]:18: Parameter 2 should be "Function".
[2020-05-29 21:11:44][Script Error]: [string "./script/c100266043.lua"]:18: Parameter 2 should be "Function".
[2020-05-29 21:11:44][Script Error]: "CallCardFunction"(c100266035.initial_effect): attempt to call an error function
[2020-05-29 21:11:44][Script Error]: "CallCardFunction"(c100266035.initial_effect): attempt to call an error function
[2020-05-29 21:11:44][Script Error]: "CallCardFunction"(c100266035.initial_effect): attempt to call an error function
[2020-05-29 21:11:44][Script Error]: [string "./script/c100266043.lua"]:18: Parameter 2 should be "Function".
[2020-05-29 21:11:44][Script Error]: [string "./script/c100266043.lua"]:18: Parameter 2 should be "Function".
[2020-05-29 21:11:44][Script Error]: [string "./script/c100266043.lua"]:18: Parameter 2 should be "Function".
[2020-05-29 21:11:44][Script Error]: "CallCardFunction"(c100266035.initial_effect): attempt to call an error function
[2020-05-29 21:11:44][Script Error]: "CallCardFunction"(c100266035.initial_effect): attempt to call an error function
[2020-05-29 21:11:44][Script Error]: "CallCardFunction"(c100266035.initial_effect): attempt to call an error function
[2020-05-30 11:31:51][Script Error]: "CallCardFunction"(c100266035.initial_effect): attempt to call an error function
[2020-05-30 11:31:51][Script Error]: "CallCardFunction"(c100266035.initial_effect): attempt to call an error function
[2020-05-30 11:31:51][Script Error]: "CallCardFunction"(c100266035.initial_effect): attempt to call an error function
[2020-05-30 11:31:52][Script Error]: "CallCardFunction"(c100266035.initial_effect): attempt to call an error function
[2020-05-30 11:31:52][Script Error]: "CallCardFunction"(c100266035.initial_effect): attempt to call an error function
[2020-05-30 11:31:52][Script Error]: "CallCardFunction"(c100266035.initial_effect): attempt to call an error function
[2020-05-30 11:32:06][Script Error]: [string "./script/c100266043.lua"]:69: attempt to index a nil value (global 'g')
[2020-05-30 11:34:26][Script Error]: [string "./script/c100266043.lua"]:69: attempt to index a nil value (global 'g')
[2020-05-30 11:40:21][Script Error]: "CallCardFunction"(c100266035.initial_effect): attempt to call an error function
[2020-05-30 11:40:21][Script Error]: "CallCardFunction"(c100266035.initial_effect): attempt to call an error function
[2020-05-30 11:40:21][Script Error]: "CallCardFunction"(c100266035.initial_effect): attempt to call an error function
[2020-05-30 11:40:21][Script Error]: "CallCardFunction"(c100266035.initial_effect): attempt to call an error function
[2020-05-30 11:40:22][Script Error]: "CallCardFunction"(c100266035.initial_effect): attempt to call an error function
[2020-05-30 11:40:22][Script Error]: "CallCardFunction"(c100266035.initial_effect): attempt to call an error function
[2020-05-30 11:40:35][Script Error]: [string "./script/c100266043.lua"]:69: attempt to call a nil value (method 'GetFirst')
[2020-05-30 11:43:40][Script Error]: "CallCardFunction"(c100266035.initial_effect): attempt to call an error function
[2020-05-30 11:43:40][Script Error]: "CallCardFunction"(c100266035.initial_effect): attempt to call an error function
[2020-05-30 11:43:40][Script Error]: "CallCardFunction"(c100266035.initial_effect): attempt to call an error function
[2020-05-30 11:43:41][Script Error]: "CallCardFunction"(c100266035.initial_effect): attempt to call an error function
[2020-05-30 11:43:41][Script Error]: "CallCardFunction"(c100266035.initial_effect): attempt to call an error function
[2020-05-30 11:43:41][Script Error]: "CallCardFunction"(c100266035.initial_effect): attempt to call an error function
[2020-05-30 11:43:53][Script Error]: [string "./script/c100266043.lua"]:69: attempt to call a nil value (method 'GetFirst')
[2020-05-30 11:51:09][Script Error]: "CallCardFunction"(c100266035.initial_effect): attempt to call an error function
[2020-05-30 11:51:09][Script Error]: "CallCardFunction"(c100266035.initial_effect): attempt to call an error function
[2020-05-30 11:51:09][Script Error]: "CallCardFunction"(c100266035.initial_effect): attempt to call an error function
[2020-05-30 11:51:10][Script Error]: "CallCardFunction"(c100266035.initial_effect): attempt to call an error function
[2020-05-30 11:51:10][Script Error]: "CallCardFunction"(c100266035.initial_effect): attempt to call an error function
[2020-05-30 11:51:10][Script Error]: "CallCardFunction"(c100266035.initial_effect): attempt to call an error function
[2020-05-30 11:51:22][Script Error]: [string "./script/c100266043.lua"]:69: attempt to call a nil value (method 'GetFirst')
[2020-05-30 11:55:35][Script Error]: "CallCardFunction"(c100266035.initial_effect): attempt to call an error function
[2020-05-30 11:55:35][Script Error]: "CallCardFunction"(c100266035.initial_effect): attempt to call an error function
[2020-05-30 11:55:35][Script Error]: "CallCardFunction"(c100266035.initial_effect): attempt to call an error function
[2020-05-30 11:55:35][Script Error]: "CallCardFunction"(c100266035.initial_effect): attempt to call an error function
[2020-05-30 11:55:36][Script Error]: "CallCardFunction"(c100266035.initial_effect): attempt to call an error function
[2020-05-30 11:55:36][Script Error]: "CallCardFunction"(c100266035.initial_effect): attempt to call an error function
[2020-06-04 22:46:10][Script Error]: [string "./script/c100268002.lua"]:145: 'end' expected (to close 'function' at line 123) near <eof>
[2020-06-04 22:46:10][Script Error]: "CallCardFunction"(c100268002.initial_effect): attempt to call an error function
[2020-06-04 22:46:10][Script Error]: "CallCardFunction"(c100268002.initial_effect): attempt to call an error function
[2020-06-04 22:46:10][Script Error]: "CallCardFunction"(c100268002.initial_effect): attempt to call an error function
[2020-06-04 22:46:11][Script Error]: "CallCardFunction"(c100268002.initial_effect): attempt to call an error function
[2020-06-04 22:46:11][Script Error]: "CallCardFunction"(c100268002.initial_effect): attempt to call an error function
[2020-06-04 22:46:11][Script Error]: "CallCardFunction"(c100268002.initial_effect): attempt to call an error function
[2020-06-04 22:52:18][Script Error]: [string "./script/c100268002.lua"]:145: 'end' expected (to close 'function' at line 123) near <eof>
[2020-06-04 22:52:18][Script Error]: "CallCardFunction"(c100268002.initial_effect): attempt to call an error function
[2020-06-04 22:52:18][Script Error]: "CallCardFunction"(c100268002.initial_effect): attempt to call an error function
[2020-06-04 22:52:18][Script Error]: "CallCardFunction"(c100268002.initial_effect): attempt to call an error function
[2020-06-04 22:52:18][Script Error]: "CallCardFunction"(c100268002.initial_effect): attempt to call an error function
[2020-06-04 22:52:18][Script Error]: "CallCardFunction"(c100268002.initial_effect): attempt to call an error function
[2020-06-04 22:52:18][Script Error]: "CallCardFunction"(c100268002.initial_effect): attempt to call an error function
[2020-06-04 22:53:56][Script Error]: [string "./script/c100268002.lua"]:145: 'end' expected (to close 'function' at line 123) near <eof>
[2020-06-04 22:53:57][Script Error]: "CallCardFunction"(c100268002.initial_effect): attempt to call an error function
[2020-06-04 22:53:57][Script Error]: "CallCardFunction"(c100268002.initial_effect): attempt to call an error function
[2020-06-04 22:53:57][Script Error]: "CallCardFunction"(c100268002.initial_effect): attempt to call an error function
[2020-06-04 22:53:57][Script Error]: "CallCardFunction"(c100268002.initial_effect): attempt to call an error function
[2020-06-04 22:53:57][Script Error]: "CallCardFunction"(c100268002.initial_effect): attempt to call an error function
[2020-06-04 22:53:57][Script Error]: "CallCardFunction"(c100268002.initial_effect): attempt to call an error function
[2020-06-04 23:12:02][Script Error]: [string "./script/c100268002.lua"]:10: attempt to index a nil value (global 'eq')
[2020-06-04 23:12:02][Script Error]: [string "./script/c100268002.lua"]:10: attempt to index a nil value (global 'eq')
[2020-06-04 23:12:02][Script Error]: [string "./script/c100268002.lua"]:10: attempt to index a nil value (global 'eq')
[2020-06-04 23:12:02][Script Error]: [string "./script/c100268002.lua"]:10: attempt to index a nil value (global 'eq')
[2020-06-04 23:12:02][Script Error]: [string "./script/c100268002.lua"]:10: attempt to index a nil value (global 'eq')
[2020-06-04 23:12:02][Script Error]: [string "./script/c100268002.lua"]:10: attempt to index a nil value (global 'eq')
[2020-06-04 23:34:56][Script Error]: [string "./script/c100268002.lua"]:77: attempt to index a number value (local 'c')
[2020-06-04 23:34:59][Script Error]: [string "./script/c100268002.lua"]:77: attempt to index a number value (local 'c')
[2020-06-04 23:35:04][Script Error]: [string "./script/c100268002.lua"]:77: attempt to index a number value (local 'c')
[2020-06-04 23:35:04][Script Error]: [string "./script/c100268002.lua"]:77: attempt to index a number value (local 'c')
[2020-06-04 23:35:40][Script Error]: [string "./script/c100268002.lua"]:77: attempt to index a number value (local 'c')
[2020-06-04 23:35:40][Script Error]: [string "./script/c100268002.lua"]:77: attempt to index a number value (local 'c')
[2020-06-04 23:36:21][Script Error]: [string "./script/c100268002.lua"]:77: attempt to index a number value (local 'c')
[2020-06-04 23:36:34][Script Error]: [string "./script/c100268002.lua"]:77: attempt to index a number value (local 'c')
[2020-06-04 23:36:56][Script Error]: [string "./script/c100268002.lua"]:77: attempt to index a number value (local 'c')
[2020-06-04 23:37:01][Script Error]: [string "./script/c100268002.lua"]:77: attempt to index a number value (local 'c')
[2020-06-04 23:46:31][Script Error]: [string "./script/c100268002.lua"]:108: <eof> expected near 'end'
[2020-06-04 23:46:31][Script Error]: "CallCardFunction"(c100268002.initial_effect): attempt to call an error function
[2020-06-04 23:46:31][Script Error]: "CallCardFunction"(c100268002.initial_effect): attempt to call an error function
[2020-06-04 23:46:31][Script Error]: "CallCardFunction"(c100268002.initial_effect): attempt to call an error function
[2020-06-04 23:46:31][Script Error]: "CallCardFunction"(c100268002.initial_effect): attempt to call an error function
[2020-06-04 23:46:31][Script Error]: "CallCardFunction"(c100268002.initial_effect): attempt to call an error function
[2020-06-04 23:46:31][Script Error]: "CallCardFunction"(c100268002.initial_effect): attempt to call an error function
[2020-06-04 23:48:19][Script Error]: [string "./script/c100268002.lua"]:108: <eof> expected near 'end'
[2020-06-04 23:48:19][Script Error]: "CallCardFunction"(c100268002.initial_effect): attempt to call an error function
[2020-06-04 23:48:19][Script Error]: "CallCardFunction"(c100268002.initial_effect): attempt to call an error function
[2020-06-04 23:48:19][Script Error]: "CallCardFunction"(c100268002.initial_effect): attempt to call an error function
[2020-06-04 23:48:19][Script Error]: "CallCardFunction"(c100268002.initial_effect): attempt to call an error function
[2020-06-04 23:48:19][Script Error]: "CallCardFunction"(c100268002.initial_effect): attempt to call an error function
[2020-06-04 23:48:19][Script Error]: "CallCardFunction"(c100268002.initial_effect): attempt to call an error function
[2020-06-05 11:16:26][Script Error]: "CallCardFunction"(c100268001.initial_effect): attempt to call an error function
[2020-06-05 11:16:26][Script Error]: "CallCardFunction"(c100268001.initial_effect): attempt to call an error function
[2020-06-05 11:16:27][Script Error]: "CallCardFunction"(c100268001.initial_effect): attempt to call an error function
[2020-06-05 11:16:27][Script Error]: "CallCardFunction"(c100268001.initial_effect): attempt to call an error function
[2020-06-05 11:16:27][Script Error]: "CallCardFunction"(c100268001.initial_effect): attempt to call an error function
[2020-06-05 11:16:27][Script Error]: "CallCardFunction"(c100268001.initial_effect): attempt to call an error function
[2020-06-05 11:23:49][Script Error]: "CallCardFunction"(c100268001.initial_effect): attempt to call an error function
[2020-06-05 11:23:49][Script Error]: "CallCardFunction"(c100268001.initial_effect): attempt to call an error function
[2020-06-05 11:23:49][Script Error]: "CallCardFunction"(c100268001.initial_effect): attempt to call an error function
[2020-06-05 11:23:49][Script Error]: "CallCardFunction"(c100268001.initial_effect): attempt to call an error function
[2020-06-05 11:23:49][Script Error]: "CallCardFunction"(c100268001.initial_effect): attempt to call an error function
[2020-06-05 11:23:49][Script Error]: "CallCardFunction"(c100268001.initial_effect): attempt to call an error function
[2020-06-05 11:31:19][Script Error]: "CallCardFunction"(c100268001.initial_effect): attempt to call an error function
[2020-06-05 11:31:19][Script Error]: "CallCardFunction"(c100268001.initial_effect): attempt to call an error function
[2020-06-05 11:31:19][Script Error]: "CallCardFunction"(c100268001.initial_effect): attempt to call an error function
[2020-06-05 11:31:19][Script Error]: "CallCardFunction"(c100268001.initial_effect): attempt to call an error function
[2020-06-05 11:31:19][Script Error]: "CallCardFunction"(c100268001.initial_effect): attempt to call an error function
[2020-06-05 11:31:19][Script Error]: "CallCardFunction"(c100268001.initial_effect): attempt to call an error function
[2020-06-05 11:45:13][Script Error]: "CallCardFunction"(c100268001.initial_effect): attempt to call an error function
[2020-06-05 11:45:13][Script Error]: "CallCardFunction"(c100268001.initial_effect): attempt to call an error function
[2020-06-05 11:45:13][Script Error]: "CallCardFunction"(c100268001.initial_effect): attempt to call an error function
[2020-06-05 11:45:13][Script Error]: "CallCardFunction"(c100268001.initial_effect): attempt to call an error function
[2020-06-05 11:45:13][Script Error]: "CallCardFunction"(c100268001.initial_effect): attempt to call an error function
[2020-06-05 11:45:13][Script Error]: "CallCardFunction"(c100268001.initial_effect): attempt to call an error function
[2020-06-05 11:47:07][Script Error]: "CallCardFunction"(c100268001.initial_effect): attempt to call an error function
[2020-06-05 11:47:07][Script Error]: "CallCardFunction"(c100268001.initial_effect): attempt to call an error function
[2020-06-05 11:47:07][Script Error]: "CallCardFunction"(c100268001.initial_effect): attempt to call an error function
[2020-06-05 11:47:07][Script Error]: "CallCardFunction"(c100268001.initial_effect): attempt to call an error function
[2020-06-05 11:47:07][Script Error]: "CallCardFunction"(c100268001.initial_effect): attempt to call an error function
[2020-06-05 11:47:07][Script Error]: "CallCardFunction"(c100268001.initial_effect): attempt to call an error function
[2020-06-05 12:00:05][Script Error]: [string "./script/c100268001.lua"]:146: 'end' expected (to close 'function' at line 137) near <eof>
[2020-06-05 12:00:05][Script Error]: "CallCardFunction"(c100268001.initial_effect): attempt to call an error function
[2020-06-05 12:00:05][Script Error]: "CallCardFunction"(c100268001.initial_effect): attempt to call an error function
[2020-06-05 12:00:05][Script Error]: "CallCardFunction"(c100268001.initial_effect): attempt to call an error function
[2020-06-05 12:00:05][Script Error]: "CallCardFunction"(c100268001.initial_effect): attempt to call an error function
[2020-06-05 12:00:05][Script Error]: "CallCardFunction"(c100268001.initial_effect): attempt to call an error function
[2020-06-05 12:00:05][Script Error]: "CallCardFunction"(c100268001.initial_effect): attempt to call an error function
[2020-06-05 12:01:13][Script Error]: [string "./script/c100268001.lua"]:146: 'end' expected (to close 'function' at line 137) near <eof>
[2020-06-05 12:01:13][Script Error]: "CallCardFunction"(c100268001.initial_effect): attempt to call an error function
[2020-06-05 12:01:13][Script Error]: "CallCardFunction"(c100268001.initial_effect): attempt to call an error function
[2020-06-05 12:01:13][Script Error]: "CallCardFunction"(c100268001.initial_effect): attempt to call an error function
[2020-06-05 12:01:13][Script Error]: "CallCardFunction"(c100268001.initial_effect): attempt to call an error function
[2020-06-05 12:01:13][Script Error]: "CallCardFunction"(c100268001.initial_effect): attempt to call an error function
[2020-06-05 12:01:13][Script Error]: "CallCardFunction"(c100268001.initial_effect): attempt to call an error function
[2020-06-05 12:09:51][Script Error]: [string "./script/c100268001.lua"]:65: attempt to index a nil value (global 'c100268002')
[2020-06-05 12:09:51][Script Error]: [string "./script/c100268001.lua"]:17: Parameter 2 should be "Function".
[2020-06-05 12:09:51][Script Error]: [string "./script/c100268001.lua"]:17: Parameter 2 should be "Function".
[2020-06-05 12:09:51][Script Error]: [string "./script/c100268001.lua"]:17: Parameter 2 should be "Function".
[2020-06-05 12:09:52][Script Error]: [string "./script/c100268001.lua"]:17: Parameter 2 should be "Function".
[2020-06-05 12:09:52][Script Error]: [string "./script/c100268001.lua"]:17: Parameter 2 should be "Function".
[2020-06-05 12:09:52][Script Error]: [string "./script/c100268001.lua"]:17: Parameter 2 should be "Function".
[2020-06-05 12:30:09][Script Error]: [string "./script/c100268001.lua"]:65: attempt to index a nil value (global 'c100268002')
[2020-06-05 12:30:09][Script Error]: [string "./script/c100268001.lua"]:17: Parameter 2 should be "Function".
[2020-06-05 12:30:09][Script Error]: [string "./script/c100268001.lua"]:17: Parameter 2 should be "Function".
[2020-06-05 12:30:10][Script Error]: [string "./script/c100268001.lua"]:17: Parameter 2 should be "Function".
[2020-06-05 12:30:10][Script Error]: [string "./script/c100268001.lua"]:17: Parameter 2 should be "Function".
[2020-06-05 12:30:10][Script Error]: [string "./script/c100268001.lua"]:17: Parameter 2 should be "Function".
[2020-06-05 12:30:10][Script Error]: [string "./script/c100268001.lua"]:17: Parameter 2 should be "Function".
[2020-06-05 12:32:24][Script Error]: [string "./script/c100268001.lua"]:65: attempt to index a nil value (global 'c100268002')
[2020-06-05 12:32:24][Script Error]: [string "./script/c100268001.lua"]:17: Parameter 2 should be "Function".
[2020-06-05 12:32:24][Script Error]: [string "./script/c100268001.lua"]:17: Parameter 2 should be "Function".
[2020-06-05 12:32:25][Script Error]: [string "./script/c100268001.lua"]:17: Parameter 2 should be "Function".
[2020-06-05 12:32:25][Script Error]: [string "./script/c100268001.lua"]:17: Parameter 2 should be "Function".
[2020-06-05 12:32:25][Script Error]: [string "./script/c100268001.lua"]:17: Parameter 2 should be "Function".
[2020-06-05 12:32:25][Script Error]: [string "./script/c100268001.lua"]:17: Parameter 2 should be "Function".
[2020-06-05 12:36:37][Script Error]: [string "./script/c100268001.lua"]:65: attempt to index a nil value (global 'c100268002')
[2020-06-05 12:36:37][Script Error]: [string "./script/c100268001.lua"]:17: Parameter 2 should be "Function".
[2020-06-05 12:36:37][Script Error]: [string "./script/c100268001.lua"]:17: Parameter 2 should be "Function".
[2020-06-05 12:36:37][Script Error]: [string "./script/c100268001.lua"]:17: Parameter 2 should be "Function".
[2020-06-05 12:36:37][Script Error]: [string "./script/c100268001.lua"]:17: Parameter 2 should be "Function".
[2020-06-05 12:36:37][Script Error]: [string "./script/c100268001.lua"]:17: Parameter 2 should be "Function".
[2020-06-05 12:36:37][Script Error]: [string "./script/c100268001.lua"]:17: Parameter 2 should be "Function".
[2020-06-05 12:51:17][Script Error]: [string "./script/c100268001.lua"]:97: attempt to index a nil value (global 'c100268002')
[2020-06-05 12:51:17][Script Error]: [string "./script/c100268001.lua"]:31: attempt to index a nil value (global 'c100268002')
[2020-06-05 12:51:17][Script Error]: [string "./script/c100268001.lua"]:31: attempt to index a nil value (global 'c100268002')
[2020-06-05 12:51:20][Script Error]: [string "./script/c100268001.lua"]:91: attempt to index a nil value (global 'sg')
[2020-06-05 12:52:53][Script Error]: [string "./script/c100268001.lua"]:97: attempt to index a nil value (global 'c100268002')
[2020-06-05 12:52:53][Script Error]: [string "./script/c100268001.lua"]:31: attempt to index a nil value (global 'c100268002')
[2020-06-05 12:52:53][Script Error]: [string "./script/c100268001.lua"]:31: attempt to index a nil value (global 'c100268002')
[2020-06-05 12:52:57][Script Error]: [string "./script/c100268001.lua"]:91: attempt to index a nil value (global 'sg')
[2020-06-05 12:54:15][Script Error]: [string "./script/c100268001.lua"]:97: attempt to index a nil value (global 'c100268002')
[2020-06-05 12:54:15][Script Error]: [string "./script/c100268001.lua"]:31: attempt to index a nil value (global 'c100268002')
[2020-06-05 12:54:15][Script Error]: [string "./script/c100268001.lua"]:31: attempt to index a nil value (global 'c100268002')
[2020-06-05 12:54:18][Script Error]: [string "./script/c100268001.lua"]:91: attempt to call a nil value (field 'SelectWithSumGreater')
[2020-06-05 12:55:20][Script Error]: [string "./script/c100268001.lua"]:97: attempt to index a nil value (global 'c100268002')
[2020-06-05 12:55:20][Script Error]: [string "./script/c100268001.lua"]:31: attempt to index a nil value (global 'c100268002')
[2020-06-05 12:55:20][Script Error]: [string "./script/c100268001.lua"]:31: attempt to index a nil value (global 'c100268002')
[2020-06-05 12:55:23][Script Error]: [string "./script/c100268001.lua"]:91: attempt to call a nil value (field 'SelectWithSumGreater')
[2020-06-05 12:58:38][Script Error]: [string "./script/c100268001.lua"]:97: attempt to index a nil value (global 'c100268002')
[2020-06-05 12:58:38][Script Error]: [string "./script/c100268001.lua"]:31: attempt to index a nil value (global 'c100268002')
[2020-06-05 12:58:38][Script Error]: [string "./script/c100268001.lua"]:31: attempt to index a nil value (global 'c100268002')
[2020-06-05 12:58:40][Script Error]: [string "./script/c100268001.lua"]:91: attempt to call a nil value (field 'SelectWithSumGreater')
[2020-06-05 13:01:51][Script Error]: [string "./script/c100268001.lua"]:89: unexpected symbol near ','
[2020-06-05 13:01:51][Script Error]: "CallCardFunction"(c100268001.initial_effect): attempt to call an error function
[2020-06-05 13:01:51][Script Error]: "CallCardFunction"(c100268001.initial_effect): attempt to call an error function
[2020-06-05 13:02:45][Script Error]: [string "./script/c100268001.lua"]:97: attempt to index a nil value (global 'c100268002')
[2020-06-05 13:02:45][Script Error]: [string "./script/c100268001.lua"]:31: attempt to index a nil value (global 'c100268002')
[2020-06-05 13:02:45][Script Error]: [string "./script/c100268001.lua"]:31: attempt to index a nil value (global 'c100268002')
[2020-06-05 13:02:48][Script Error]: [string "./script/c100268001.lua"]:91: attempt to call a nil value (field 'SelectWithSumGreater')
[2020-06-05 13:04:45][Script Error]: [string "./script/c100268001.lua"]:97: attempt to index a nil value (global 'c100268002')
[2020-06-05 13:04:45][Script Error]: [string "./script/c100268001.lua"]:31: attempt to index a nil value (global 'c100268002')
[2020-06-05 13:04:45][Script Error]: [string "./script/c100268001.lua"]:31: attempt to index a nil value (global 'c100268002')
[2020-06-05 13:04:48][Script Error]: [string "./script/c100268001.lua"]:91: attempt to index a boolean value (local 'sg')
[2020-06-05 13:30:07][Script Error]: [string "./script/c100268001.lua"]:97: attempt to index a nil value (global 'c100268002')
[2020-06-05 13:30:07][Script Error]: [string "./script/c100268001.lua"]:31: attempt to index a nil value (global 'c100268002')
[2020-06-05 13:30:07][Script Error]: [string "./script/c100268001.lua"]:31: attempt to index a nil value (global 'c100268002')
[2020-06-05 14:03:57][Script Error]: [string "./script/c100268001.lua"]:97: attempt to index a nil value (global 'c100268002')
[2020-06-05 14:03:57][Script Error]: [string "./script/c100268001.lua"]:31: attempt to index a nil value (global 'c100268002')
[2020-06-05 14:03:57][Script Error]: [string "./script/c100268003.lua"]:44: ')' expected near 'not'
[2020-06-05 14:03:57][Script Error]: "CallCardFunction"(c100268003.initial_effect): attempt to call an error function
[2020-06-05 14:03:57][Script Error]: "CallCardFunction"(c100268003.initial_effect): attempt to call an error function
[2020-06-05 14:03:57][Script Error]: [string "./script/c100268001.lua"]:49: Parameter 2 should be "Function".
[2020-06-05 14:03:57][Script Error]: "CallCardFunction"(c100268003.initial_effect): attempt to call an error function
[2020-06-05 14:03:57][Script Error]: [string "./script/c100268001.lua"]:49: Parameter 2 should be "Function".
[2020-06-05 14:03:57][Script Error]: [string "./script/c100268001.lua"]:49: Parameter 2 should be "Function".
[2020-06-05 14:03:57][Script Error]: "CallCardFunction"(c100268003.initial_effect): attempt to call an error function
[2020-06-05 14:03:57][Script Error]: [string "./script/c100268001.lua"]:49: Parameter 2 should be "Function".
[2020-06-05 14:03:57][Script Error]: "CallCardFunction"(c100268003.initial_effect): attempt to call an error function
[2020-06-05 14:03:57][Script Error]: "CallCardFunction"(c100268003.initial_effect): attempt to call an error function
[2020-06-05 14:03:57][Script Error]: [string "./script/c100268001.lua"]:49: Parameter 2 should be "Function".
[2020-06-05 14:05:58][Script Error]: [string "./script/c100268003.lua"]:44: ')' expected near 'not'
[2020-06-05 14:05:58][Script Error]: "CallCardFunction"(c100268003.initial_effect): attempt to call an error function
[2020-06-05 14:05:58][Script Error]: "CallCardFunction"(c100268003.initial_effect): attempt to call an error function
[2020-06-05 14:05:58][Script Error]: "CallCardFunction"(c100268003.initial_effect): attempt to call an error function
[2020-06-05 14:05:58][Script Error]: "CallCardFunction"(c100268003.initial_effect): attempt to call an error function
[2020-06-05 14:05:58][Script Error]: "CallCardFunction"(c100268003.initial_effect): attempt to call an error function
[2020-06-05 14:05:58][Script Error]: "CallCardFunction"(c100268003.initial_effect): attempt to call an error function
[2020-06-05 14:43:07][Script Error]: [string "./script/c100268003.lua"]:44: ')' expected near 'not'
[2020-06-05 14:43:08][Script Error]: "CallCardFunction"(c100268003.initial_effect): attempt to call an error function
[2020-06-05 14:43:08][Script Error]: "CallCardFunction"(c100268003.initial_effect): attempt to call an error function
[2020-06-05 14:43:08][Script Error]: "CallCardFunction"(c100268003.initial_effect): attempt to call an error function
[2020-06-05 14:43:08][Script Error]: "CallCardFunction"(c100268003.initial_effect): attempt to call an error function
[2020-06-05 14:43:08][Script Error]: "CallCardFunction"(c100268003.initial_effect): attempt to call an error function
[2020-06-05 14:43:08][Script Error]: "CallCardFunction"(c100268003.initial_effect): attempt to call an error function
[2020-06-05 14:50:41][Script Error]: [string "./script/c100268003.lua"]:46: ')' expected near 'not'
[2020-06-05 14:50:41][Script Error]: "CallCardFunction"(c100268003.initial_effect): attempt to call an error function
[2020-06-05 14:50:41][Script Error]: "CallCardFunction"(c100268003.initial_effect): attempt to call an error function
[2020-06-05 14:50:41][Script Error]: "CallCardFunction"(c100268003.initial_effect): attempt to call an error function
[2020-06-05 14:50:41][Script Error]: "CallCardFunction"(c100268003.initial_effect): attempt to call an error function
[2020-06-05 14:50:41][Script Error]: "CallCardFunction"(c100268003.initial_effect): attempt to call an error function
[2020-06-05 14:50:41][Script Error]: "CallCardFunction"(c100268003.initial_effect): attempt to call an error function
[2020-06-05 14:52:43][Script Error]: [string "./script/c100268003.lua"]:46: ')' expected near 'not'
[2020-06-05 14:52:43][Script Error]: "CallCardFunction"(c100268003.initial_effect): attempt to call an error function
[2020-06-05 14:52:43][Script Error]: "CallCardFunction"(c100268003.initial_effect): attempt to call an error function
[2020-06-05 14:52:43][Script Error]: "CallCardFunction"(c100268003.initial_effect): attempt to call an error function
[2020-06-05 14:52:43][Script Error]: "CallCardFunction"(c100268003.initial_effect): attempt to call an error function
[2020-06-05 14:52:43][Script Error]: "CallCardFunction"(c100268003.initial_effect): attempt to call an error function
[2020-06-05 14:52:43][Script Error]: "CallCardFunction"(c100268003.initial_effect): attempt to call an error function
[2020-06-05 15:00:42][Script Error]: [string "./script/c100268001.lua"]:102: attempt to index a nil value (global 'c100268002')
[2020-06-05 15:00:42][Script Error]: [string "./script/c100268001.lua"]:34: attempt to index a nil value (global 'c100268002')
[2020-06-05 15:00:42][Script Error]: [string "./script/c100268001.lua"]:54: Parameter 2 should be "Function".
[2020-06-05 15:00:42][Script Error]: [string "./script/c100268003.lua"]:54: 'end' expected (to close 'function' at line 50) near 'not'
[2020-06-05 15:00:42][Script Error]: "CallCardFunction"(c100268003.initial_effect): attempt to call an error function
[2020-06-05 15:00:42][Script Error]: "CallCardFunction"(c100268003.initial_effect): attempt to call an error function
[2020-06-05 15:00:42][Script Error]: "CallCardFunction"(c100268003.initial_effect): attempt to call an error function
[2020-06-05 15:00:42][Script Error]: [string "./script/c100268001.lua"]:54: Parameter 2 should be "Function".
[2020-06-05 15:00:43][Script Error]: "CallCardFunction"(c100268003.initial_effect): attempt to call an error function
[2020-06-05 15:00:43][Script Error]: [string "./script/c100268001.lua"]:54: Parameter 2 should be "Function".
[2020-06-05 15:00:43][Script Error]: "CallCardFunction"(c100268003.initial_effect): attempt to call an error function
[2020-06-05 15:00:43][Script Error]: "CallCardFunction"(c100268003.initial_effect): attempt to call an error function
[2020-06-05 15:00:43][Script Error]: [string "./script/c100268001.lua"]:54: Parameter 2 should be "Function".
[2020-06-05 15:00:43][Script Error]: [string "./script/c100268001.lua"]:54: Parameter 2 should be "Function".
[2020-06-05 15:08:47][Script Error]: [string "./script/c100268003.lua"]:54: 'end' expected (to close 'function' at line 50) near 'not'
[2020-06-05 15:08:47][Script Error]: "CallCardFunction"(c100268003.initial_effect): attempt to call an error function
[2020-06-05 15:08:47][Script Error]: "CallCardFunction"(c100268003.initial_effect): attempt to call an error function
[2020-06-05 15:08:47][Script Error]: "CallCardFunction"(c100268003.initial_effect): attempt to call an error function
[2020-06-05 15:08:47][Script Error]: "CallCardFunction"(c100268003.initial_effect): attempt to call an error function
[2020-06-05 15:08:47][Script Error]: "CallCardFunction"(c100268003.initial_effect): attempt to call an error function
[2020-06-05 15:08:47][Script Error]: "CallCardFunction"(c100268003.initial_effect): attempt to call an error function
[2020-06-05 15:10:13][Script Error]: [string "./script/utility.lua"]:2007: attempt to index a number value (local 'c')
[2020-06-05 15:10:13][Script Error]: [string "./script/utility.lua"]:2007: attempt to index a number value (local 'c')
[2020-06-05 15:10:13][Script Error]: [string "./script/utility.lua"]:2007: attempt to index a number value (local 'c')
[2020-06-05 15:10:13][Script Error]: [string "./script/utility.lua"]:2007: attempt to index a number value (local 'c')
[2020-06-05 15:10:13][Script Error]: [string "./script/utility.lua"]:2007: attempt to index a number value (local 'c')
[2020-06-05 15:10:13][Script Error]: [string "./script/utility.lua"]:2007: attempt to index a number value (local 'c')
[2020-06-05 15:10:13][Script Error]: [string "./script/utility.lua"]:2007: attempt to index a number value (local 'c')
[2020-06-05 15:10:13][Script Error]: [string "./script/utility.lua"]:2007: attempt to index a number value (local 'c')
[2020-06-05 15:10:13][Script Error]: [string "./script/utility.lua"]:2007: attempt to index a number value (local 'c')
[2020-06-05 15:10:13][Script Error]: [string "./script/utility.lua"]:2007: attempt to index a number value (local 'c')
[2020-06-05 15:10:13][Script Error]: [string "./script/utility.lua"]:2007: attempt to index a number value (local 'c')
[2020-06-05 15:35:20][Script Error]: [string "./script/c100268003.lua"]:48: ')' expected (to close '(' at line 46) near 'end'
[2020-06-05 15:35:20][Script Error]: "CallCardFunction"(c100268003.initial_effect): attempt to call an error function
[2020-06-05 15:35:20][Script Error]: "CallCardFunction"(c100268003.initial_effect): attempt to call an error function
[2020-06-05 15:35:20][Script Error]: "CallCardFunction"(c100268003.initial_effect): attempt to call an error function
[2020-06-05 15:35:20][Script Error]: "CallCardFunction"(c100268003.initial_effect): attempt to call an error function
[2020-06-05 15:35:20][Script Error]: "CallCardFunction"(c100268003.initial_effect): attempt to call an error function
[2020-06-05 15:35:20][Script Error]: "CallCardFunction"(c100268003.initial_effect): attempt to call an error function
[2020-06-05 17:19:30][Script Error]: [string "./script/c100268002.lua"]:133: function arguments expected near ')'
[2020-06-05 17:19:30][Script Error]: "CallCardFunction"(c100268002.initial_effect): attempt to call an error function
[2020-06-05 17:19:30][Script Error]: "CallCardFunction"(c100268002.initial_effect): attempt to call an error function
[2020-06-05 17:19:30][Script Error]: "CallCardFunction"(c100268002.initial_effect): attempt to call an error function
[2020-06-05 17:19:30][Script Error]: "CallCardFunction"(c100268002.initial_effect): attempt to call an error function
[2020-06-05 17:19:30][Script Error]: "CallCardFunction"(c100268002.initial_effect): attempt to call an error function
[2020-06-05 17:19:30][Script Error]: "CallCardFunction"(c100268002.initial_effect): attempt to call an error function
[2020-06-05 17:23:31][Script Error]: [string "./script/c100268002.lua"]:135: attempt to index a nil value (field 'Duel')
[2020-06-05 17:23:53][Script Error]: [string "./script/c100268002.lua"]:135: attempt to index a nil value (field 'Duel')
[2020-06-05 17:27:19][Script Error]: [string "./script/c100268002.lua"]:128: attempt to index a nil value (global 's')
[2020-06-05 17:27:43][Script Error]: [string "./script/c100268002.lua"]:128: attempt to index a nil value (global 's')
[2020-07-03 01:11:18][Script Error]: [string "./single/Trinity.lua"]:40: <eof> expected near 'end'
[2020-07-03 01:11:19][Script Error]: [string "./single/Trinity.lua"]:40: <eof> expected near 'end'
[2020-07-03 01:11:20][Script Error]: [string "./single/Trinity.lua"]:40: <eof> expected near 'end'
[2020-07-03 01:13:26][Script Error]: [string "./single/Trinity.lua"]:3: Parameter 1 should be "Card".
[2020-07-03 01:13:29][Script Error]: [string "./single/Trinity.lua"]:3: Parameter 1 should be "Card".
[2020-07-03 01:15:32][Script Error]: [string "./single/Trinity.lua"]:6: attempt to index a nil value (global 'c')
[2020-07-03 01:20:40][Script Error]: [string "./single/Trinity.lua"]:14: Parameter 2 should be "Function".
[2020-07-03 01:22:29][Script Error]: [string "./single/Trinity.lua"]:14: Parameter 2 should be "Function".
[2020-07-03 01:25:22][Script Error]: [string "./single/Trinity.lua"]:14: ')' expected near ','
[2020-07-03 01:26:07][Script Error]: [string "./single/Trinity.lua"]:14: Parameter 2 should be "Function".
[2020-07-03 01:50:48][Script Error]: [string "./single/Trinity.lua"]:34: <eof> expected near 'end'
[2020-07-03 01:51:41][Script Error]: [string "./single/Trinity.lua"]:10: attempt to index a nil value (global 'card')
[2020-07-03 01:52:09][Script Error]: [string "./single/Trinity.lua"]:10: Parameter 2 should be "Function".
[2020-07-03 01:53:33][Script Error]: [string "./single/Trinity.lua"]:11: attempt to index a nil value (local 'card')
